<?xml version="1.0" encoding="UTF-8"?>
<robot generator="Robot 7.3.2 (Python 3.14.2 on win32)" generated="2025-12-19T13:02:41.934960" rpa="false" schemaversion="5">
<suite id="s1" name="Aula - 5" source="C:\Users\luiz.pacheco\Desktop\Aula - 5">
<suite id="s1-s1" name="Testes" source="C:\Users\luiz.pacheco\Desktop\Aula - 5\testes">
<suite id="s1-s1-s1" name="Preenchimento Incorreto" source="C:\Users\luiz.pacheco\Desktop\Aula - 5\testes\preenchimento_incorreto.robot">
<test id="s1-s1-s1-t1" name="Verificar se quando um campo obrigatório não for preenchido corretamente o sistema exibe uma mensagem de campo obrigatório" line="7">
<kw name="Dado que eu acesse o Organo" owner="setup_teardown" type="SETUP">
<kw name="Open Browser" owner="SeleniumLibrary">
<msg time="2025-12-19T13:02:43.537728" level="INFO">Opening browser 'Chrome' to base url 'http://localhost:3000/'.</msg>
<arg>url=http://localhost:3000/</arg>
<arg>browser=Chrome</arg>
<doc>Opens a new browser instance to the optional ``url``.</doc>
<status status="PASS" start="2025-12-19T13:02:43.536850" elapsed="3.627456"/>
</kw>
<status status="PASS" start="2025-12-19T13:02:43.534874" elapsed="3.630622"/>
</kw>
<kw name="Dado que eu clique no botão &quot;Criar Card&quot;" owner="cadastro_organo">
<kw name="Click Element" owner="SeleniumLibrary">
<msg time="2025-12-19T13:02:47.175489" level="INFO">Clicking element 'id:form-botao'.</msg>
<arg>${BOTAO_CARD}</arg>
<doc>Click the element identified by ``locator``.</doc>
<status status="PASS" start="2025-12-19T13:02:47.171310" elapsed="0.369605"/>
</kw>
<status status="PASS" start="2025-12-19T13:02:47.168254" elapsed="0.373657"/>
</kw>
<kw name="Então sistema deve apresentar mensagem de campo obrigatório" owner="cadastro_organo">
<kw name="Element Should Be Visible" owner="SeleniumLibrary">
<msg time="2025-12-19T13:02:47.652984" level="INFO">Element 'id:form-nome-erro' is displayed.</msg>
<arg>id:form-nome-erro</arg>
<doc>Verifies that the element identified by ``locator`` is visible.</doc>
<status status="PASS" start="2025-12-19T13:02:47.546191" elapsed="0.109326"/>
</kw>
<kw name="Element Should Be Visible" owner="SeleniumLibrary">
<msg time="2025-12-19T13:02:47.772918" level="INFO">Element 'id:form-cargo-erro' is displayed.</msg>
<arg>id:form-cargo-erro</arg>
<doc>Verifies that the element identified by ``locator`` is visible.</doc>
<status status="PASS" start="2025-12-19T13:02:47.656624" elapsed="0.118977"/>
</kw>
<kw name="Element Should Be Visible" owner="SeleniumLibrary">
<msg time="2025-12-19T13:02:47.872610" level="INFO">Element 'id:form-times-erro' is displayed.</msg>
<arg>id:form-times-erro</arg>
<doc>Verifies that the element identified by ``locator`` is visible.</doc>
<status status="PASS" start="2025-12-19T13:02:47.776945" elapsed="0.097713"/>
</kw>
<status status="PASS" start="2025-12-19T13:02:47.543764" elapsed="0.331838"/>
</kw>
<kw name="Fechar o navegador" owner="setup_teardown" type="TEARDOWN">
<kw name="Close Browser" owner="SeleniumLibrary">
<doc>Closes the current browser.</doc>
<status status="PASS" start="2025-12-19T13:02:47.880101" elapsed="2.671656"/>
</kw>
<status status="PASS" start="2025-12-19T13:02:47.877634" elapsed="2.674620"/>
</kw>
<status status="PASS" start="2025-12-19T13:02:43.525052" elapsed="7.028374"/>
</test>
<status status="PASS" start="2025-12-19T13:02:42.101210" elapsed="8.469290"/>
</suite>
<status status="PASS" start="2025-12-19T13:02:42.077163" elapsed="8.526323"/>
</suite>
<status status="PASS" start="2025-12-19T13:02:41.959437" elapsed="8.663256"/>
</suite>
<statistics>
<total>
<stat pass="1" fail="0" skip="0">All Tests</stat>
</total>
<tag>
</tag>
<suite>
<stat name="Aula - 5" id="s1" pass="1" fail="0" skip="0">Aula - 5</stat>
<stat name="Testes" id="s1-s1" pass="1" fail="0" skip="0">Aula - 5.Testes</stat>
<stat name="Preenchimento Incorreto" id="s1-s1-s1" pass="1" fail="0" skip="0">Aula - 5.Testes.Preenchimento Incorreto</stat>
</suite>
</statistics>
<errors>
</errors>
</robot>
